file_loaded: Coq.Init.Prelude, /home/egallego/.opam/dev-coq-pycoq/lib/coq/theories/Init/Prelude.vo
file_loaded: Coq.Init.Notations, /home/egallego/.opam/dev-coq-pycoq/lib/coq/theories/Init/Notations.vo
file_loaded: Coq.Init.Ltac, /home/egallego/.opam/dev-coq-pycoq/lib/coq/theories/Init/Ltac.vo
file_loaded: Coq.Init.Logic, /home/egallego/.opam/dev-coq-pycoq/lib/coq/theories/Init/Logic.vo
file_loaded: Coq.Init.Datatypes, /home/egallego/.opam/dev-coq-pycoq/lib/coq/theories/Init/Datatypes.vo
file_loaded: Coq.Init.Logic_Type, /home/egallego/.opam/dev-coq-pycoq/lib/coq/theories/Init/Logic_Type.vo
file_loaded: Coq.Init.Specif, /home/egallego/.opam/dev-coq-pycoq/lib/coq/theories/Init/Specif.vo
file_loaded: Coq.Init.Decimal, /home/egallego/.opam/dev-coq-pycoq/lib/coq/theories/Init/Decimal.vo
file_loaded: Coq.Init.Hexadecimal, /home/egallego/.opam/dev-coq-pycoq/lib/coq/theories/Init/Hexadecimal.vo
file_loaded: Coq.Init.Number, /home/egallego/.opam/dev-coq-pycoq/lib/coq/theories/Init/Number.vo
file_loaded: Coq.Init.Nat, /home/egallego/.opam/dev-coq-pycoq/lib/coq/theories/Init/Nat.vo
file_loaded: Coq.Init.Byte, /home/egallego/.opam/dev-coq-pycoq/lib/coq/theories/Init/Byte.vo
file_loaded: Coq.Init.Numeral, /home/egallego/.opam/dev-coq-pycoq/lib/coq/theories/Init/Numeral.vo
file_loaded: Coq.Init.Peano, /home/egallego/.opam/dev-coq-pycoq/lib/coq/theories/Init/Peano.vo
file_loaded: Coq.Init.Wf, /home/egallego/.opam/dev-coq-pycoq/lib/coq/theories/Init/Wf.vo
file_loaded: Coq.Init.Tactics, /home/egallego/.opam/dev-coq-pycoq/lib/coq/theories/Init/Tactics.vo
file_loaded: Coq.Init.Tauto, /home/egallego/.opam/dev-coq-pycoq/lib/coq/theories/Init/Tauto.vo
Processing in master
Processed
🐓🐍🐓🐍 Coq's initialization complete 🐍🐓🐍🐓
[('CoqExn', ({'loc': {'fname': ('ToplevelInput', None), 'line_nb': 1, 'bol_pos': 0, 'line_nb_last': 1, 'bol_pos_last': 0, 'bp': 16, 'ep': 17}, 'stm_ids': None, 'backtrace': False, 'exn': None, 'pp': ('Pp_glue', ([('Pp_glue', ([],)), ('Pp_box', (('Pp_hovbox', (0,)), ('Pp_glue', ([('Pp_string', ('Syntax error: ',)), ('Pp_string', ("[reduce] expected after ':=' (in [def_body])",)), ('Pp_string', ('.',))],))))],)), 'str': "Syntax error: [reduce] expected after ':=' (in [def_body])."},)), ('Completed', None)]
